ArToimiin/Temp/gradleOut/unityLibrary/build/intermediates/manifest_merge_blame_file/release/manifest-merger-blame-release-report.txt
1<?xml version="1.0" encoding="utf-8"?>
2<!-- GENERATED BY UNITY. REMOVE THIS COMMENT TO PREVENT OVERWRITING WHEN EXPORTING AGAIN -->
3<manifest xmlns:android="http://schemas.android.com/apk/res/android"
4    xmlns:tools="http://schemas.android.com/tools"
5    package="com.unity3d.player"
6    android:versionCode="1"
7    android:versionName="0.1" >
8
9    <uses-sdk
10        android:minSdkVersion="24"
10-->src\main\AndroidManifest.xml
11        android:targetSdkVersion="29" />
11-->src\main\AndroidManifest.xml
12
13    <uses-feature android:glEsVersion="0x00020000" />
13-->src\main\AndroidManifest.xml:20:3-52
13-->src\main\AndroidManifest.xml:20:17-49
14
15    <uses-permission android:name="android.permission.INTERNET" />
15-->src\main\AndroidManifest.xml:21:3-65
15-->src\main\AndroidManifest.xml:21:20-62
16    <uses-permission android:name="android.permission.ACCESS_FINE_LOCATION" />
16-->src\main\AndroidManifest.xml:22:3-77
16-->src\main\AndroidManifest.xml:22:20-74
17
18    <uses-feature
18-->src\main\AndroidManifest.xml:23:3-89
19        android:name="android.hardware.location.gps"
19-->src\main\AndroidManifest.xml:23:17-61
20        android:required="false" />
20-->src\main\AndroidManifest.xml:23:62-86
21    <uses-feature
21-->src\main\AndroidManifest.xml:24:3-85
22        android:name="android.hardware.location"
22-->src\main\AndroidManifest.xml:24:17-57
23        android:required="false" />
23-->src\main\AndroidManifest.xml:24:58-82
24    <uses-feature
24-->src\main\AndroidManifest.xml:25:3-88
25        android:name="android.hardware.touchscreen"
25-->src\main\AndroidManifest.xml:25:17-60
26        android:required="false" />
26-->src\main\AndroidManifest.xml:25:61-85
27    <uses-feature
27-->src\main\AndroidManifest.xml:26:3-99
28        android:name="android.hardware.touchscreen.multitouch"
28-->src\main\AndroidManifest.xml:26:17-71
29        android:required="false" />
29-->src\main\AndroidManifest.xml:26:72-96
30    <uses-feature
30-->src\main\AndroidManifest.xml:27:3-108
31        android:name="android.hardware.touchscreen.multitouch.distinct"
31-->src\main\AndroidManifest.xml:27:17-80
32        android:required="false" />
32-->src\main\AndroidManifest.xml:27:81-105
33
34    <uses-permission android:name="android.permission.CAMERA" />
34-->src\main\AndroidManifest.xml:28:3-63
34-->src\main\AndroidManifest.xml:28:20-60
35
36    <uses-feature
36-->src\main\AndroidManifest.xml:29:3-85
37        android:name="android.hardware.camera.ar"
37-->src\main\AndroidManifest.xml:29:17-58
38        android:required="true" />
38-->src\main\AndroidManifest.xml:29:59-82
39
40    <application>
40-->src\main\AndroidManifest.xml:4:3-19:17
41        <activity
41-->src\main\AndroidManifest.xml:5:5-12:16
42            android:name="com.unity3d.player.UnityPlayerActivity"
42-->src\main\AndroidManifest.xml:5:15-68
43            android:configChanges="mcc|mnc|locale|touchscreen|keyboard|keyboardHidden|navigation|orientation|screenLayout|uiMode|screenSize|smallestScreenSize|fontScale|layoutDirection|density"
43-->src\main\AndroidManifest.xml:5:186-367
44            android:hardwareAccelerated="false"
44-->src\main\AndroidManifest.xml:5:368-403
45            android:launchMode="singleTask"
45-->src\main\AndroidManifest.xml:5:154-185
46            android:screenOrientation="sensorPortrait"
46-->src\main\AndroidManifest.xml:5:111-153
47            android:theme="@style/UnityThemeSelector" >
47-->src\main\AndroidManifest.xml:5:69-110
48            <intent-filter>
48-->src\main\AndroidManifest.xml:6:7-9:23
49                <action android:name="android.intent.action.MAIN" />
49-->src\main\AndroidManifest.xml:7:9-61
49-->src\main\AndroidManifest.xml:7:17-58
50
51                <category android:name="android.intent.category.LAUNCHER" />
51-->src\main\AndroidManifest.xml:8:9-69
51-->src\main\AndroidManifest.xml:8:19-66
52            </intent-filter>
53
54            <meta-data
54-->src\main\AndroidManifest.xml:10:7-82
55                android:name="unityplayer.UnityActivity"
55-->src\main\AndroidManifest.xml:10:18-58
56                android:value="true" />
56-->src\main\AndroidManifest.xml:10:59-79
57            <meta-data
57-->src\main\AndroidManifest.xml:11:7-78
58                android:name="android.notch_support"
58-->src\main\AndroidManifest.xml:11:18-54
59                android:value="true" />
59-->src\main\AndroidManifest.xml:11:55-75
60        </activity>
61
62        <meta-data
62-->src\main\AndroidManifest.xml:13:5-69
63            android:name="unity.splash-mode"
63-->src\main\AndroidManifest.xml:13:16-48
64            android:value="0" />
64-->src\main\AndroidManifest.xml:13:49-66
65        <meta-data
65-->src\main\AndroidManifest.xml:14:5-74
66            android:name="unity.splash-enable"
66-->src\main\AndroidManifest.xml:14:16-50
67            android:value="True" />
67-->src\main\AndroidManifest.xml:14:51-71
68        <meta-data
68-->src\main\AndroidManifest.xml:15:5-81
69            android:name="notch.config"
69-->src\main\AndroidManifest.xml:15:16-43
70            android:value="portrait|landscape" />
70-->src\main\AndroidManifest.xml:15:44-78
71        <meta-data
71-->src\main\AndroidManifest.xml:16:5-101
72            android:name="unity.build-id"
72-->src\main\AndroidManifest.xml:16:16-45
73            android:value="b21c3763-2e19-4536-b579-7886866d70ee" />
73-->src\main\AndroidManifest.xml:16:46-98
74        <meta-data
74-->src\main\AndroidManifest.xml:17:5-88
75            android:name="unityplayer.SkipPermissionsDialog"
75-->src\main\AndroidManifest.xml:17:16-64
76            android:value="true" />
76-->src\main\AndroidManifest.xml:17:65-85
77        <meta-data
77-->src\main\AndroidManifest.xml:18:5-77
78            android:name="com.google.ar.core"
78-->src\main\AndroidManifest.xml:18:16-49
79            android:value="required" />
79-->src\main\AndroidManifest.xml:18:50-74
80    </application>
81
82</manifest>